wyxw-master/BarCodeTest/build/intermediates/manifest_merge_blame_file/debug/manifest-merger-blame-debug-report.txt
1<?xml version="1.0" encoding="utf-8"?>
2<manifest xmlns:android="http://schemas.android.com/apk/res/android"
3    package="com.ericssonlabs"
4    android:versionCode="1"
5    android:versionName="1.0" >
6
7    <uses-sdk
8        android:minSdkVersion="9"
8-->wyxw-master\BarCodeTest\AndroidManifest.xml
9        android:targetSdkVersion="19" />
9-->wyxw-master\BarCodeTest\AndroidManifest.xml
10
11    <uses-permission android:name="android.permission.VIBRATE" />
11-->wyxw-master\BarCodeTest\AndroidManifest.xml:7:5-66
11-->wyxw-master\BarCodeTest\AndroidManifest.xml:7:22-63
12    <uses-permission android:name="android.permission.CAMERA" />
12-->wyxw-master\BarCodeTest\AndroidManifest.xml:8:5-65
12-->wyxw-master\BarCodeTest\AndroidManifest.xml:8:22-62
13
14    <uses-feature android:name="android.hardware.camera" />
14-->wyxw-master\BarCodeTest\AndroidManifest.xml:9:5-60
14-->wyxw-master\BarCodeTest\AndroidManifest.xml:9:19-57
15    <uses-feature android:name="android.hardware.camera.autofocus" />
15-->wyxw-master\BarCodeTest\AndroidManifest.xml:10:5-70
15-->wyxw-master\BarCodeTest\AndroidManifest.xml:10:19-67
16
17    <application android:label="@string/app_name" >
17-->wyxw-master\BarCodeTest\AndroidManifest.xml:12:5-29:19
17-->wyxw-master\BarCodeTest\AndroidManifest.xml:13:9-41
18        <activity
18-->wyxw-master\BarCodeTest\AndroidManifest.xml:14:9-21:20
19            android:name="com.ericssonlabs.BarCodeTestActivity"
19-->wyxw-master\BarCodeTest\AndroidManifest.xml:15:13-48
20            android:label="@string/app_name" >
20-->wyxw-master\BarCodeTest\AndroidManifest.xml:16:13-45
21
22            <!-- <intent-filter> -->
23            <!-- <action android:name="android.intent.action.MAIN" /> -->
24            <!-- <category android:name="android.intent.category.LAUNCHER" /> -->
25            <!-- </intent-filter> -->
26        </activity>
27        <activity
27-->wyxw-master\BarCodeTest\AndroidManifest.xml:22:9-28:20
28            android:name="com.zxing.activity.CaptureActivity"
28-->wyxw-master\BarCodeTest\AndroidManifest.xml:24:13-62
29            android:configChanges="orientation|keyboardHidden"
29-->wyxw-master\BarCodeTest\AndroidManifest.xml:23:13-63
30            android:screenOrientation="portrait"
30-->wyxw-master\BarCodeTest\AndroidManifest.xml:25:13-49
31            android:theme="@android:style/Theme.NoTitleBar.Fullscreen"
31-->wyxw-master\BarCodeTest\AndroidManifest.xml:26:13-71
32            android:windowSoftInputMode="stateAlwaysHidden" >
32-->wyxw-master\BarCodeTest\AndroidManifest.xml:27:13-60
33        </activity>
34    </application>
35
36</manifest>